<?xml version="1.0" encoding="UTF-8"?>
<!-- Generated by org.testng.reporters.JUnitReportReporter -->
<testsuite hostname="N-5CG735454R" name="Sartr" tests="1" failures="0" timestamp="10 Dec 2021 15:27:18 GMT" time="0.016" errors="0">
  <testcase name="urlpass" time="0.016" classname="Sartr"/>
</testsuite> <!-- Sartr -->
