<?xml version="1.0" encoding="UTF-8"?>
<!-- Generated by org.testng.reporters.JUnitReportReporter -->
<testsuite skipped="4" hostname="N-5CG735454R" name="org.JavaMain.Summa2" tests="7" failures="0" timestamp="18 Jan 2022 19:48:26 GMT" time="1374.535" errors="1">
  <testcase name="syr2" time="274.572" classname="org.JavaMain.Summa2">
    <skipped/>
  </testcase> <!-- syr2 -->
  <testcase name="syr2" time="275.400" classname="org.JavaMain.Summa2">
    <skipped/>
  </testcase> <!-- syr2 -->
  <testcase name="syr" time="0.001" classname="org.JavaMain.Summa2"/>
  <testcase name="syr2" time="276.325" classname="org.JavaMain.Summa2">
    <skipped/>
  </testcase> <!-- syr2 -->
  <testcase name="syr2" time="274.234" classname="org.JavaMain.Summa2">
    <skipped/>
  </testcase> <!-- syr2 -->
  <testcase name="syr2" time="273.981" classname="org.JavaMain.Summa2">
    <error type="io.github.bonigarcia.wdm.config.WebDriverManagerException" message="io.github.bonigarcia.wdm.config.WebDriverManagerException: org.apache.hc.client5.http.HttpHostConnectException: Connect to https://chromedriver.storage.googleapis.com:443 [chromedriver.storage.googleapis.com/142.250.180.16] failed: Connection timed out: connect">
      <![CDATA[io.github.bonigarcia.wdm.config.WebDriverManagerException: io.github.bonigarcia.wdm.config.WebDriverManagerException: org.apache.hc.client5.http.HttpHostConnectException: Connect to https://chromedriver.storage.googleapis.com:443 [chromedriver.storage.googleapis.com/142.250.180.16] failed: Connection timed out: connect
	at io.github.bonigarcia.wdm.WebDriverManager.handleException(WebDriverManager.java:1140)
	at io.github.bonigarcia.wdm.WebDriverManager.manage(WebDriverManager.java:933)
	at io.github.bonigarcia.wdm.WebDriverManager.fallback(WebDriverManager.java:1156)
	at io.github.bonigarcia.wdm.WebDriverManager.handleException(WebDriverManager.java:1137)
	at io.github.bonigarcia.wdm.WebDriverManager.manage(WebDriverManager.java:933)
	at io.github.bonigarcia.wdm.WebDriverManager.handleException(WebDriverManager.java:1130)
	at io.github.bonigarcia.wdm.WebDriverManager.manage(WebDriverManager.java:933)
	at io.github.bonigarcia.wdm.WebDriverManager.setup(WebDriverManager.java:337)
	at org.JavaMain.BaseClassh.openBrowser(BaseClassh.java:28)
	at org.JavaMain.Summa2.syr2(Summa2.java:52)
	at sun.reflect.NativeMethodAccessorImpl.invoke0(Native Method)
	at sun.reflect.NativeMethodAccessorImpl.invoke(Unknown Source)
	at sun.reflect.DelegatingMethodAccessorImpl.invoke(Unknown Source)
	at java.lang.reflect.Method.invoke(Unknown Source)
	at org.testng.internal.MethodInvocationHelper.invokeMethod(MethodInvocationHelper.java:100)
	at org.testng.internal.Invoker.invokeMethod(Invoker.java:646)
	at org.testng.internal.Invoker.retryFailed(Invoker.java:958)
	at org.testng.internal.Invoker.invokeTestMethods(Invoker.java:1160)
	at org.testng.internal.TestMethodWorker.invokeTestMethods(TestMethodWorker.java:129)
	at org.testng.internal.TestMethodWorker.run(TestMethodWorker.java:112)
	at org.testng.TestRunner.privateRun(TestRunner.java:753)
	at org.testng.TestRunner.run(TestRunner.java:607)
	at org.testng.SuiteRunner.runTest(SuiteRunner.java:368)
	at org.testng.SuiteRunner.runSequentially(SuiteRunner.java:363)
	at org.testng.SuiteRunner.privateRun(SuiteRunner.java:321)
	at org.testng.SuiteRunner.run(SuiteRunner.java:270)
	at org.testng.SuiteRunnerWorker.runSuite(SuiteRunnerWorker.java:52)
	at org.testng.SuiteRunnerWorker.run(SuiteRunnerWorker.java:86)
	at org.testng.TestNG.runSuitesSequentially(TestNG.java:1284)
	at org.testng.TestNG.runSuitesLocally(TestNG.java:1209)
	at org.testng.TestNG.runSuites(TestNG.java:1124)
	at org.testng.TestNG.run(TestNG.java:1096)
	at org.testng.remote.AbstractRemoteTestNG.run(AbstractRemoteTestNG.java:132)
	at org.testng.remote.RemoteTestNG.initAndRun(RemoteTestNG.java:236)
	at org.testng.remote.RemoteTestNG.main(RemoteTestNG.java:81)
Caused by: io.github.bonigarcia.wdm.config.WebDriverManagerException: org.apache.hc.client5.http.HttpHostConnectException: Connect to https://chromedriver.storage.googleapis.com:443 [chromedriver.storage.googleapis.com/142.250.180.16] failed: Connection timed out: connect
	at io.github.bonigarcia.wdm.WebDriverManager.getDriversFromXml(WebDriverManager.java:1286)
	at io.github.bonigarcia.wdm.managers.ChromeDriverManager.getDriverUrls(ChromeDriverManager.java:105)
	at io.github.bonigarcia.wdm.WebDriverManager.createUrlHandler(WebDriverManager.java:1161)
	at io.github.bonigarcia.wdm.WebDriverManager.download(WebDriverManager.java:1009)
	at io.github.bonigarcia.wdm.WebDriverManager.manage(WebDriverManager.java:927)
	... 33 more
Caused by: org.apache.hc.client5.http.HttpHostConnectException: Connect to https://chromedriver.storage.googleapis.com:443 [chromedriver.storage.googleapis.com/142.250.180.16] failed: Connection timed out: connect
	at java.net.TwoStacksPlainSocketImpl.socketConnect(Native Method)
	at java.net.AbstractPlainSocketImpl.doConnect(Unknown Source)
	at java.net.AbstractPlainSocketImpl.connectToAddress(Unknown Source)
	at java.net.AbstractPlainSocketImpl.connect(Unknown Source)
	at java.net.PlainSocketImpl.connect(Unknown Source)
	at java.net.SocksSocketImpl.connect(Unknown Source)
	at java.net.Socket.connect(Unknown Source)
	at org.apache.hc.client5.http.ssl.SSLConnectionSocketFactory$1.run(SSLConnectionSocketFactory.java:219)
	at java.security.AccessController.doPrivileged(Native Method)
	at org.apache.hc.client5.http.ssl.SSLConnectionSocketFactory.connectSocket(SSLConnectionSocketFactory.java:216)
	at org.apache.hc.client5.http.impl.io.DefaultHttpClientConnectionOperator.connect(DefaultHttpClientConnectionOperator.java:148)
	at org.apache.hc.client5.http.impl.io.PoolingHttpClientConnectionManager.connect(PoolingHttpClientConnectionManager.java:409)
	at org.apache.hc.client5.http.impl.classic.InternalExecRuntime.connectEndpoint(InternalExecRuntime.java:164)
	at org.apache.hc.client5.http.impl.classic.InternalExecRuntime.connectEndpoint(InternalExecRuntime.java:174)
	at org.apache.hc.client5.http.impl.classic.ConnectExec.execute(ConnectExec.java:135)
	at org.apache.hc.client5.http.impl.classic.ExecChainElement.execute(ExecChainElement.java:51)
	at org.apache.hc.client5.http.impl.classic.ExecChainElement$1.proceed(ExecChainElement.java:57)
	at org.apache.hc.client5.http.impl.classic.ProtocolExec.execute(ProtocolExec.java:172)
	at org.apache.hc.client5.http.impl.classic.ExecChainElement.execute(ExecChainElement.java:51)
	at org.apache.hc.client5.http.impl.classic.ExecChainElement$1.proceed(ExecChainElement.java:57)
	at org.apache.hc.client5.http.impl.classic.HttpRequestRetryExec.execute(HttpRequestRetryExec.java:93)
	at org.apache.hc.client5.http.impl.classic.ExecChainElement.execute(ExecChainElement.java:51)
	at org.apache.hc.client5.http.impl.classic.ExecChainElement$1.proceed(ExecChainElement.java:57)
	at org.apache.hc.client5.http.impl.classic.ContentCompressionExec.execute(ContentCompressionExec.java:128)
	at org.apache.hc.client5.http.impl.classic.ExecChainElement.execute(ExecChainElement.java:51)
	at org.apache.hc.client5.http.impl.classic.ExecChainElement$1.proceed(ExecChainElement.java:57)
	at org.apache.hc.client5.http.impl.classic.RedirectExec.execute(RedirectExec.java:116)
	at org.apache.hc.client5.http.impl.classic.ExecChainElement.execute(ExecChainElement.java:51)
	at org.apache.hc.client5.http.impl.classic.InternalHttpClient.doExecute(InternalHttpClient.java:178)
	at org.apache.hc.client5.http.impl.classic.CloseableHttpClient.execute(CloseableHttpClient.java:75)
	at org.apache.hc.client5.http.impl.classic.CloseableHttpClient.execute(CloseableHttpClient.java:89)
	at io.github.bonigarcia.wdm.online.HttpClient.execute(HttpClient.java:158)
	at io.github.bonigarcia.wdm.WebDriverManager.getDriversFromXml(WebDriverManager.java:1271)
	... 37 more
]]>
    </error>
  </testcase> <!-- syr2 -->
  <testcase name="syr1" time="0.022" classname="org.JavaMain.Summa2"/>
</testsuite> <!-- org.JavaMain.Summa2 -->
